sudo apt update
sudo apt upgrade
git clone https://github.com/hzeller/rpi-rgb-led-matrix.git
sudo apt install gcc
cd rpi-rgb-led-matrix/
make -C examples-api-use
sudo examples-api-use/demo -D0
sudo examples-api-use/demo -D0 --led-no-hardware-pulse
sudo nano /boot/cmdline.txt 
sudo reboot now
sudo nano /boot/config.txt 
sudo reboot now
cd rpi-rgb-led-matrix/
sudo examples-api-use/demo -D0 --led-rows=16
lsmod
sudo examples-api-use/demo -D0 --led-rows=16
sudo examples-api-use/demo -D0 --led-rows=16 --led-slowdown-gpio=2
sudo examples-api-use/demo -D0 --led-rows=16 --led-slowdown-gpio=1
sudo examples-api-use/demo -D0 --led-rows=16 --led-slowdown-gpio=0
sudo examples-api-use/demo -D0 --led-rows=16 --led-slowdown-gpio=3
sudo examples-api-use/demo -D0 --led-rows=16 --led-slowdown-gpio=2.5
sudo examples-api-use/demo -D0 --led-rows=16 --led-slowdown-gpio=2
sudo examples-api-use/demo -D0 --led-rows=16 --led-slowdown-gpio=3
sudo examples-api-use/demo -D0 --led-rows=16 --led-slowdown-gpio=4
sudo examples-api-use/demo -D0 --led-rows=16 --led-slowdown-gpio=5
sudo examples-api-use/demo -D0 --led-rows=16 --led-slowdown-gpio=6
sudo examples-api-use/demo -D0 --led-rows=16 --led-slowdown-gpio=4
sudo examples-api-use/demo -D0 --led-rows=16 --led-slowdown-gpio=3
sudo examples-api-use/demo -D0 --led-rows=16 --led-slowdown-gpio=2
sudo examples-api-use/demo -D0 --led-rows=16 --led-slowdown-gpio=3
sudo raspi-config
cd rpi-rgb-led-matrix/
sudo examples-api-use/demo -D0 --led-rows=16 --led-slowdown-gpio=3
sudo examples-api-use/demo -D0 --led-rows=16 --led-slowdown-gpio=2
sudo examples-api-use/demo -D0 --led-rows=16 --led-slowdown-gpio=0
sudo examples-api-use/demo -D0 --led-rows=16 --led-slowdown-gpio=1
sudo examples-api-use/demo -D0 --led-rows=16 --led-slowdown-gpio=4
sudo examples-api-use/demo -D0 --led-rows=16 --led-slowdown-gpio=3
sudo shutdown now
cd rpi-rgb-led-matrix/
sudo  examples-api-use/demo --led-no-hardware-pulse --led-rows=16 --led-cols=32 -D 0
sudo examples-api-use/demo -D 0 --led-rows=16 --led-slowdown-gpio=3
sudo  examples-api-use/demo --led-no-hardware-pulse --led-rows=16 --led-cols=32 -D 1 -m 20  /home/pi/rpi-rgb-led-matrix/examples-api-use/runtext16.ppm
sudo  examples-api-use/demo --led-no-hardware-pulse --led-rows=16 --led-cols=32 -D 1 -m 20  /home/pi/rpi-rgb-led-matrix/examples-api-use/runtext16.ppm --led-slowdown-gpio=3
sudo  examples-api-use/demo --led-no-hardware-pulse --led-rows=16 --led-cols=32 -D 1 -m 20  /home/pi/rpi-rgb-led-matrix/examples-api-use/runtext16.ppm --led-slowdown-gpio=4
sudo  examples-api-use/demo --led-no-hardware-pulse --led-rows=16 --led-cols=32 -D 1 -m 20  /home/pi/rpi-rgb-led-matrix/examples-api-use/runtext16.ppm --led-slowdown-gpio=2
sudo  examples-api-use/demo --led-no-hardware-pulse --led-rows=16 --led-cols=32 -D 1 -m 20  /home/pi/rpi-rgb-led-matrix/examples-api-use/runtext16.ppm --led-slowdown-gpio=3
sudo examples-api-use/demo -D 5 --led-rows=16 --led-slowdown-gpio=3
sudo  examples-api-use/demo --led-no-hardware-pulse --led-rows=16 --led-cols=32 -D 1 -m 20  /home/pi/rpi-rgb-led-matrix/examples-api-use/runtext16.ppm --led-slowdown-gpio=3
sudo  examples-api-use/demo --led-no-hardware-pulse --led-rows=16 --led-cols=32 -D 1 -m 20  /home/pi/rpi-rgb-led-matrix/examples-api-use/runtext16.ppm --led-slowdown-gpio=2
sudo  examples-api-use/demo --led-no-hardware-pulse --led-rows=16 --led-cols=32 -D 1 -m 20  /home/pi/rpi-rgb-led-matrix/examples-api-use/runtext16.ppm --led-slowdown-gpio=1
sudo examples-api-use/demo -D 5 --led-rows=16 --led-slowdown-gpio=1
sudo apt install python3-dev python3-pillow -y
command -v python3
make build-python PYTHON=/usr/bin/python3
cd bindings/python/
make build-python PYTHON=/usr/bin/python3
sudo make build-python PYTHON=/usr/bin/python3
make build-python PYTHON=$(command -v python3)
cd
cd rpi-rgb-led-matrix/
sudo make build-python PYTHON=$(command -v python3)
sudo apt-get install python3-dev python3-pillow -y
cd bindings/python/
sudo make build-python PYTHON=$(command -v python3)
sudo apt install python3.4
sudo apt install python3.5
sudo apt install python3..6
sudo apt install python3.6.6
make build-python PYTHON = $（ command -v python3 ） 
make build-python PYTHON=$(command -v python3)
sudo apt install python2.7
sudo apt-get install python2.7-dev python-pillow -y
sudo apt-get install python2.7-dev 
make build-python
python2.7
make build-python PYTHON=$(command -v python2.7)
sudo make install-python
make build-python PYTHON=$(command -v python2.7)
sudo make install-python PYTHON=$(command -v python2.7)
cd samples/
ls
./runtext.py 
sudo ./runtext.py --led-chain=4
sudo ./runtext.py --led-chain=1
sudo python2.7 ./runtext.py 
sudo python2.7 ./runtext.py --led-rows=16
make build-python PYTHON=$(command -v python3)
cd ..
make build-python PYTHON=$(command -v python3)
sudo apt-get install build-essential
python3 -m pip install cython
cd rgbmatrix/
python3 -m cython -2 --cplus *.pyx
cd ..
make build-python PYTHON=$(command -v python3)
sudo make install-python PYTHON=$(command -v python3)
cd samples/
sudo python3 ./runtext.py 
sudo python3 ./runtext.py --led-rows=16
nano ./runtext.py 
cp ./runtext.py ./runtext-cp.py 
sudo nano runtext-cp.py 
sudo python3 ./runtext-cp.py.py --led-rows=16
sudo python3 ./runtext-cp.py --led-rows=16
sudo nano runtext-cp.py 
sudo python3 ./runtext-cp.py --led-rows=16
sudo apt install fonts-noto
cd /usr/share/fonts/truetype/noto/
ls
pwd
cd
cd rpi-rgb-led-matrix/bindings/python/
cd samples/
sudo nano ./runtext-cp.py 
sudo python3 ./runtext-cp.py --led-rows=16
sudo python3 ./runtext.py --led-rows=16
sudo pyth
sudo nano ./runtext-cp.py 
sudo python3 ./runtext-cp.py --led-rows=16
sudo nano ./runtext-cp.py 
sudo python3 ./runtext-cp.py --led-rows=16
sudo nano ./runtext-cp.py 
sudo python3 ./runtext-cp.py --led-rows=16
sudo nano ./runtext-cp.py 
sudo python3 ./runtext-cp.py --led-rows=16
ls
./image-draw.py 
sudo ./image-draw.py 
sudo ./image-draw.py --led-rows=16
sudo ./graphics.py.py --led-rows=16
sudo ./graphics.py --led-rows=16
sudo ./image-scroller.py --led-rows=16
history 
cd ../..
cd ..
sudo  examples-api-use/demo --led-no-hardware-pulse --led-rows=16 --led-cols=32 -D 1 -m 20  /home/pi/rpi-rgb-led-matrix/examples-api-use/runtext16.ppm --led-slowdown-gpio=3
cd 
ls
sudo  examples-api-use/demo --led-no-hardware-pulse --led-rows=16 --led-cols=32 -D 1 -m 20  /home/pi/hoge.ppm --led-slowdown-gpio=3
cd rpi-rgb-led-matrix/
sudo  examples-api-use/demo --led-no-hardware-pulse --led-rows=16 --led-cols=32 -D 1 -m 20  /home/pi/hoge.ppm --led-slowdown-gpio=3
sudo shutdown no
sudo shutdown now
sudo apt install fonts-ipafont
fonts-ipaexfont
sudo fc-cache -fv
git clone https://github.com/JP7SRW/led-matrix-ppm-generator.git
cd led-matrix-ppm-generator/
pip install -r requirements.txt
mkdir ppm_files
mkdir png_files
python3 manual_create_ppm.py 
sudo  ~/rpi-rgb-led-matrix/examples-api-use/demo --led-no-hardware-pulse --led-rows=16 --led-cols=32 -D 1 -m 20  /home/pi/rpi-rgb-led-matrix/examples-api-use/runtext16.ppm --led-slowdown-gpio=1
sudo  ~/rpi-rgb-led-matrix/examples-api-use/demo --led-no-hardware-pulse --led-rows=16 --led-cols=32 -D 1 -m 20  /home/pi/led-matrix-ppm-generator/ppm_files/0.ppm --led-slowdown-gpio=1
python snct_scraping.py 
python yahoo_scraping.py 
sudo  ~/rpi-rgb-led-matrix/examples-api-use/demo --led-no-hardware-pulse --led-rows=16 --led-cols=32 -D 1 -m 20  /home/pi/led-matrix-ppm-generator/ppm_files/0.ppm --led-slowdown-gpio=1
sudo  ~/rpi-rgb-led-matrix/examples-api-use/demo --led-no-hardware-pulse --led-rows=16 --led-cols=32 -D 1 -m 20  /home/pi/led-matrix-ppm-generator/ppm_files/merged.ppm --led-slowdown-gpio=1
python3 manual_create_ppm.py 
cd led-matrix-ppm-generator/
python3 manual_create_ppm.py 
sudo  ~/rpi-rgb-led-matrix/examples-api-use/demo --led-no-hardware-pulse --led-rows=16 --led-cols=32 -D 1 -m 20  /home/pi/led-matrix-ppm-generator/ppm_files/0.ppm --led-slowdown-gpio=1
sudo  ~/rpi-rgb-led-matrix/examples-api-use/demo --led-no-hardware-pulse --led-rows=16 --led-cols=32 -D 1 -m 20  /home/pi/led-matrix-ppm-generator/ppm_files/0.ppm --led-slowdown-gpio=0
sudo  ~/rpi-rgb-led-matrix/examples-api-use/demo --led-no-hardware-pulse --led-rows=16 --led-cols=32 -D 1 -m 20  /home/pi/led-matrix-ppm-generator/ppm_files/0.ppm --led-slowdown-gpio=4
sudo  ~/rpi-rgb-led-matrix/examples-api-use/demo --led-no-hardware-pulse --led-rows=16 --led-cols=32 -D 1 -m 20  /home/pi/led-matrix-ppm-generator/ppm_files/0.ppm --led-slowdown-gpio=1
sudo  ~/rpi-rgb-led-matrix/examples-api-use/demo --led-no-hardware-pulse --led-rows=16 --led-cols=32 -D 1 -m 20  /home/pi/led-matrix-ppm-generator/ppm_files/0.ppm --led-slowdown-gpio=2
python3 manual_create_ppm.py 
sudo  ~/rpi-rgb-led-matrix/examples-api-use/demo --led-no-hardware-pulse --led-rows=16 --led-cols=32 -D 1 -m 20  /home/pi/led-matrix-ppm-generator/ppm_files/0.ppm --led-slowdown-gpio=2
python3 manual_create_ppm.py 
sudo  ~/rpi-rgb-led-matrix/examples-api-use/demo --led-no-hardware-pulse --led-rows=16 --led-cols=32 -D 1 -m 20  /home/pi/led-matrix-ppm-generator/ppm_files/0.ppm --led-slowdown-gpio=2
sudo nano snct_scraping.py 
nano yahoo_scraping.py 
python snct_scraping.py 
python yahoo_scraping.py 
sudo  ~/rpi-rgb-led-matrix/examples-api-use/demo --led-no-hardware-pulse --led-rows=16 --led-cols=32 -D 1 -m 20  /home/pi/led-matrix-ppm-generator/ppm_files/merged.ppm --led-slowdown-gpio=1
history 
sudo ~/rpi-rgb-led-matrix/bindings/python/samples/image-scroller.py -i ~/led-matrix-ppm-generator/ppm_files/merged.ppm 
sudo ~/rpi-rgb-led-matrix/bindings/python/samples/image-scroller.py -i ~/led-matrix-ppm-generator/ppm_files/merged.ppm --led-rows=16 --led-cols=32
sudo nano ~/rpi-rgb-led-matrix/bindings/python/samples/image-scroller.py
sudo ~/rpi-rgb-led-matrix/bindings/python/samples/image-scroller.py -i ~/led-matrix-ppm-generator/ppm_files/merged.ppm --led-rows=16 --led-cols=32
sudo nano ~/rpi-rgb-led-matrix/bindings/python/samples/image-scroller.py
sudo ~/rpi-rgb-led-matrix/bindings/python/samples/image-scroller.py -i ~/led-matrix-ppm-generator/ppm_files/merged.ppm --led-rows=16 --led-cols=32
sudo nano ~/rpi-rgb-led-matrix/bindings/python/samples/image-scroller.py
sudo ~/rpi-rgb-led-matrix/bindings/python/samples/image-scroller.py -i ~/led-matrix-ppm-generator/ppm_files/merged.ppm --led-rows=16 --led-cols=32
sudo  ~/rpi-rgb-led-matrix/examples-api-use/demo --led-no-hardware-pulse --led-rows=16 --led-cols=32 -D 1 -m 20  /home/pi/led-matrix-ppm-generator/ppm_files/merged.ppm --led-slowdown-gpio=1
sudo ~/rpi-rgb-led-matrix/bindings/python/samples/image-scroller.py -i ~/led-matrix-ppm-generator/ppm_files/merged.ppm --led-rows=16 --led-cols=32
sudo  ~/rpi-rgb-led-matrix/examples-api-use/demo --led-no-hardware-pulse --led-rows=16 --led-cols=32 -D 1 -m 20  /home/pi/led-matrix-ppm-generator/ppm_files/merged.ppm --led-slowdown-gpio=1
sudo ~/rpi-rgb-led-matrix/bindings/python/samples/image-scroller.py -i ~/led-matrix-ppm-generator/ppm_files/merged.ppm --led-rows=16 --led-cols=32
sudo ~/rpi-rgb-led-matrix/bindings/python/samples/image-draw.py -i ~/led-matrix-ppm-generator/ppm_files/merged.ppm --led-rows=16 --led-cols=32
sudo ~/rpi-rgb-led-matrix/bindings/python/samples/image-scroller.py -i ~/led-matrix-ppm-generator/ppm_files/merged.ppm --led-rows=16 --led-cols=5880
sudo ~/rpi-rgb-led-matrix/bindings/python/samples/image-scroller.py -i ~/led-matrix-ppm-generator/ppm_files/merged.ppm --led-rows=16 --led-cols=5
sudo ~/rpi-rgb-led-matrix/bindings/python/samples/image-scroller.py -i ~/led-matrix-ppm-generator/ppm_files/merged.ppm --led-rows=16 --led-cols=64
sudo ~/rpi-rgb-led-matrix/bindings/python/samples/image-draw.py -i ~/led-matrix-ppm-generator/ppm_files/merged.ppm --led-rows=16 --led-cols=32
sudo ~/rpi-rgb-led-matrix/bindings/python/samples/image-scroller.py -i ~/led-matrix-ppm-generator/ppm_files/merged.ppm --led-rows=16 --led-cols=32
sudo nano ~/rpi-rgb-led-matrix/bindings/python/samples/image-scroller.py
sudo ~/rpi-rgb-led-matrix/bindings/python/samples/image-scroller.py -i ~/led-matrix-ppm-generator/ppm_files/merged.ppm --led-rows=16 --led-cols=32
sudo nano ~/rpi-rgb-led-matrix/bindings/python/samples/image-scroller.py
sudo ~/rpi-rgb-led-matrix/bindings/python/samples/image-scroller.py -i ~/led-matrix-ppm-generator/ppm_files/merged.ppm --led-rows=16 --led-cols=32
sudo nano ~/rpi-rgb-led-matrix/bindings/python/samples/image-scroller.py
sudo ~/rpi-rgb-led-matrix/bindings/python/samples/image-scroller.py -i ~/led-matrix-ppm-generator/ppm_files/merged.ppm --led-rows=16 --led-cols=32
sudo nano ~/rpi-rgb-led-matrix/bindings/python/samples/image-scroller.py
sudo ~/rpi-rgb-led-matrix/bindings/python/samples/image-scroller.py -i ~/led-matrix-ppm-generator/ppm_files/merged.ppm --led-rows=16 --led-cols=32
cp ~/rpi-rgb-led-matrix/bindings/python/samples/image-scroller.py ~/rpi-rgb-led-matrix/bindings/python/samples/image-static.py
sudo nano ~/rpi-rgb-led-matrix/bindings/python/samples/image-static.py 
sudo ~/rpi-rgb-led-matrix/bindings/python/samples/image-static.py.py -i ~/led-matrix-ppm-generator/ppm_files/merged.ppm --led-rows=16 --led-cols=32
sudo ~/rpi-rgb-led-matrix/bindings/python/samples/image-static.py -i ~/led-matrix-ppm-generator/ppm_files/merged.ppm --led-rows=16 --led-cols=32
sudo shutdown now
sudo ~/rpi-rgb-led-matrix/bindings/python/samples/image-scroller.py -i ~/led-matrix-ppm-generator/ppm_files/merged.ppm --led-rows=16 --led-cols=32
history 
history >> log.txt
ls
sudo ~/rpi-rgb-led-matrix/bindings/python/samples/image-scroller.py -i ~/led-matrix-ppm-generator/ppm_files/merged.ppm --led-rows=16 --led-cols=32
sudo apt-get install libgraphicsmagick++-dev libwebp-dev -y
cd led-matrix-ppm-generator/
cd
cd rpi-rgb-led-matrix/
make led-image-viewer
cd utils/
make led-image-viewer
./led-image-viewer ~/parrot.gif 
sudo ./led-image-viewer ~/parrot.gif 
sudo ./led-image-viewer ~/parrot.gif --led-rows=16 --led-cols=32
rm ~/parrot.gif 
sudo ./led-image-viewer ~/60fpsparrot.gif --led-rows=16 --led-cols=32
sudo ./led-image-viewer ~/251250.jpg --led-rows=16 --led-cols=32
sudo ./led-image-viewer ~/20210412.png --led-rows=16 --led-cols=32
sudo ./led-image-viewer ~/251250.jpg --led-rows=16 --led-cols=32
sudo shutdown now
sudo ./led-image-viewer ~/60fpsparrot.gif --led-rows=16 --led-cols=32
sudo ~/rpi-rgb-led-matrix/bindings/python/samples/image-scroller.py -i ~/led-matrix-ppm-generator/ppm_files/merged.ppm --led-rows=16 --led-cols=32
cd led-matrix-ppm-generator/
python snct_scraping.py 
python yahoo_scraping.py 
sudo ~/rpi-rgb-led-matrix/bindings/python/samples/image-scroller.py -i ~/led-matrix-ppm-generator/ppm_files/merged.ppm --led-rows=16 --led-cols=32
history 
sudo ~/rpi-rgb-led-matrix/bindings/python/samples/image-static.py -i ~/led-matrix-ppm-generator/ppm_files/merged.ppm --led-rows=16 --led-cols=32
nano ~/rpi-rgb-led-matrix/bindings/python/samples/image-static.py 
sudo ~/rpi-rgb-led-matrix/bindings/python/samples/image-static.py -i ~/led-matrix-ppm-generator/ppm_files/merged.ppm --led-rows=16 --led-cols=32
nano ~/rpi-rgb-led-matrix/bindings/python/samples/image-static.py 
sudo ~/rpi-rgb-led-matrix/bindings/python/samples/image-static.py -i ~/led-matrix-ppm-generator/ppm_files/merged.ppm --led-rows=16 --led-cols=32
nano ~/rpi-rgb-led-matrix/bindings/python/samples/image-static.py 
sudo ~/rpi-rgb-led-matrix/bindings/python/samples/image-static.py -i ~/led-matrix-ppm-generator/ppm_files/merged.ppm --led-rows=16 --led-cols=32
nano ~/rpi-rgb-led-matrix/bindings/python/samples/image-static.py 
sudo ~/rpi-rgb-led-matrix/bindings/python/samples/image-static.py -i ~/led-matrix-ppm-generator/ppm_files/merged.ppm --led-rows=16 --led-cols=32
nano ~/rpi-rgb-led-matrix/bindings/python/samples/image-static.py 
sudo ~/rpi-rgb-led-matrix/bindings/python/samples/image-static.py -i ~/led-matrix-ppm-generator/ppm_files/merged.ppm --led-rows=16 --led-cols=32
nano ~/rpi-rgb-led-matrix/bindings/python/samples/image-static.py 
sudo ~/rpi-rgb-led-matrix/bindings/python/samples/image-static.py -i ~/led-matrix-ppm-generator/ppm_files/merged.ppm --led-rows=16 --led-cols=32
nano ~/rpi-rgb-led-matrix/bindings/python/samples/image-static.py 
sudo ~/rpi-rgb-led-matrix/bindings/python/samples/image-static.py -i ~/led-matrix-ppm-generator/ppm_files/merged.ppm --led-rows=16 --led-cols=32
nano ~/rpi-rgb-led-matrix/bindings/python/samples/image-static.py 
sudo ~/rpi-rgb-led-matrix/bindings/python/samples/image-static.py -i ~/led-matrix-ppm-generator/ppm_files/merged.ppm --led-rows=16 --led-cols=32
nano ~/rpi-rgb-led-matrix/bindings/python/samples/image-static.py 
sudo ~/rpi-rgb-led-matrix/bindings/python/samples/image-static.py -i ~/led-matrix-ppm-generator/ppm_files/merged.ppm --led-rows=16 --led-cols=32
nano ~/rpi-rgb-led-matrix/bindings/python/samples/image-static.py 
sudo ~/rpi-rgb-led-matrix/bindings/python/samples/image-static.py -i ~/led-matrix-ppm-generator/ppm_files/merged.ppm --led-rows=16 --led-cols=32
/bin/python3.9 /home/pi/led-matrix-ppm-generator/manual_create_ppm.py
cd ~/led-matrix-ppm-generator/
/bin/python3.9 /home/pi/led-matrix-ppm-generator/manual_create_ppm.py
sudo ~/rpi-rgb-led-matrix/bindings/python/samples/image-static.py -i ~/led-matrix-ppm-generator/ppm_files/h8_test.ppm --led-rows=16 --led-cols=32
sudo ~/rpi-rgb-led-matrix/bindings/python/samples/image-static.py -i ~/led-matrix-ppm-generator/ppm_files/merged.ppm --led-rows=16 --led-cols=32
sudo ~/rpi-rgb-led-matrix/bindings/python/samples/image-static.py -i ~/led-matrix-ppm-generator/ppm_files/h8_test.ppm --led-rows=16 --led-cols=32
/bin/python3.9 /home/pi/led-matrix-ppm-generator/manual_create_ppm.py
sudo ~/rpi-rgb-led-matrix/bindings/python/samples/image-static.py -i ~/led-matrix-ppm-generator/ppm_files/h8_up_test.ppm --led-rows=16 --led-cols=32
sudo ~/rpi-rgb-led-matrix/bindings/python/samples/image-static.py -i ~/led-matrix-ppm-generator/ppm_files/h8_down_test.ppm --led-rows=16 --led-cols=32
sudo ~/rpi-rgb-led-matrix/bindings/python/samples/image-2row.py -i ~/led-matrix-ppm-generator/ppm_files/h8_down_test.ppm --led-rows=16 --led-cols=32
ls
cd ~/rpi-rgb-led-matrix/bindings/python/samples/
ls
ls -l
chmod 755 image-2row.py 
sudo ~/rpi-rgb-led-matrix/bindings/python/samples/image-2row.py -i ~/led-matrix-ppm-generator/ppm_files/h8_down_test.ppm --led-rows=16 --led-cols=32
sudo ~/rpi-rgb-led-matrix/bindings/python/samples/image-2row.py -i1 ~/led-matrix-ppm-generator/ppm_files/h8_down_test.ppm --led-rows=16 --led-cols=32
sudo ~/rpi-rgb-led-matrix/bindings/python/samples/image-2row.py -i1 ~/led-matrix-ppm-generator/ppm_files/h8_up_test.ppm -i2 ~/led-matrix-ppm-generator/ppm_files/h8_down_test.ppm --led-rows=16 --led-cols=32
sudo ~/rpi-rgb-led-matrix/bindings/python/samples/image-static.py -i ~/led-matrix-ppm-generator/ppm_files/h8_down_test.ppm --led-rows=16 --led-cols=32
sudo ~/rpi-rgb-led-matrix/bindings/python/samples/image-2row.py -i1 ~/led-matrix-ppm-generator/ppm_files/h8_up_test.ppm -i2 ~/led-matrix-ppm-generator/ppm_files/h8_down_test.ppm --led-rows=16 --led-cols=32
cd ~/led-matrix-ppm-generator/
python3 manual_create_ppm.py 
sudo shutdown now
sudo ~/rpi-rgb-led-matrix/bindings/python/samples/image-2row.py -i1 ~/led-matrix-ppm-generator/ppm_files/h8_up_test.ppm -i2 ~/led-matrix-ppm-generator/ppm_files/h8_down_test.ppm --led-rows=16 --led-cols=32
sudo apt update
sudo apt install nmon
sudo nmon
sudo apt update
sudo apt upgrade 
sudo shutdown now
/bin/python3.9 /home/pi/rpi-rgb-led-matrix/bindings/python/samples/image-2row.py
sudo ~/rpi-rgb-led-matrix/bindings/python/samples/image-2row.py -i1 ~/led-matrix-ppm-generator/ppm_files/h8_up_test.ppm -i2 ~/led-matrix-ppm-generator/ppm_files/h8_down_test.ppm --led-rows=16 --led-cols=32
/bin/python3.9 /home/pi/rpi-rgb-led-matrix/bindings/python/samples/image-auto-change-test.py
sudo ~/rpi-rgb-led-matrix/bindings/python/samples/image-2row.py -i1 ~/led-matrix-ppm-generator/ppm_files/h8_up_test.ppm -i2 ~/led-matrix-ppm-generator/ppm_files/h8_down_test.ppm --led-rows=16 --led-cols=32
sudo ~/rpi-rgb-led-matrix/bindings/python/samples/image-aut -i1 ~/led-matrix-ppm-generator/ppm_files/h8_up_test.ppm -i2 ~/led-matrix-ppm-generator/ppm_files/h8_down_test.ppm --led-rows=16 --led-cols=32
chmod 755 ~/rpi-rgb-led-matrix/bindings/python/samples/image-auto-change-test.py 
sudo ~/rpi-rgb-led-matrix/bindings/python/samples/image-auto-change-test.py -i1 ~/led-matrix-ppm-generator/ppm_files/h8_up_test.ppm -i2 ~/led-matrix-ppm-generator/ppm_files/h8_down_test.ppm --led-rows=16 --led-cols=32
cd led-matrix-ppm-generator/
ls
python3 manual_create_ppm.py 
sudo ~/rpi-rgb-led-matrix/bindings/python/samples/image-auto-change-test.py -i1 ~/led-matrix-ppm-generator/ppm_files/Kei-1.ppm -i2 ~/led-matrix-ppm-generator/ppm_files/Kei-2.ppm --led-rows=16 --led-cols=32
cd ~/led-matrix-ppm-generator/
python3 manual_create_ppm.py 
sudo ~/rpi-rgb-led-matrix/bindings/python/samples/image-auto-change-test.py -i1 ~/led-matrix-ppm-generator/ppm_files/Kei-1.ppm -i2 ~/led-matrix-ppm-generator/ppm_files/Kei-2.ppm --led-rows=16 --led-cols=32
sudo shutdown now
sudo ~/rpi-rgb-led-matrix/bindings/python/samples/image-auto-change-test.py -i1 ~/led-matrix-ppm-generator/ppm_files/Kei-1.ppm -i2 ~/led-matrix-ppm-generator/ppm_files/Kei-2.ppm --led-rows=16 --led-cols=32
sudo ~/rpi-rgb-led-matrix/bindings/python/samples/image-aut -i1 ~/led-matrix-ppm-generator/ppm_files/h8_up_test.ppm -i2 ~/led-matrix-ppm-generator/ppm_files/h8_down_test.ppm --led-rows=16 --led-cols=32
sudo shutdown now
git clone https://github.com/RuuKuu/Slab_LED_MatrixController.git
sudo apt update
sudo apt apgrade
sudo apt upgrade
cd Slab_LED_MatrixController/
make -C examples-api-use
cd bindings/python/rgbmatrix/
python3 -m cython -2 --cplus *.pyx
make build-python PYTHON=$(command -v python3)
cd .
cd ..
make build-python PYTHON=$(command -v python3)
sudo make install-python PYTHON=$(command -v python3)
cd samples/
sudo python3 ./runtext.py --led-rows=16
sudo python3 ./image-scroller.py --led-rows=16
sudo python3 ./image-scroller.py --led-rows=8
sudo python3 ./image-scroller.py --led-rows=16
sudo ~/rpi-rgb-led-matrix/bindings/python/samples/image-aut -i1 ~/led-matrix-ppm-generator/ppm_files/h8_up_test.ppm -i2 ~/led-matrix-ppm-generator/ppm_files/h8_down_test.ppm --led-rows=16 --led-cols=32
sudo ~/rpi-rgb-led-matrix/bindings/python/samples/image-auto-change-test.py -i1 ~/led-matrix-ppm-generator/ppm_files/Kei-1.ppm -i2 ~/led-matrix-ppm-generator/ppm_files/Kei-2.ppm --led-rows=16 --led-cols=32
sudo python3 ./image-scroller.py --led-rows=16 --led-cols=32
sudo python3 ./image-scroller.py -i ~/led-matrix-ppm-generator/ppm_files/Kei-2.ppm --led-rows=16 --led-cols=32
sudo ~/Slab_LED_MatrixController/bindings/python/Slab_ContentsPlaySystem/image-scroller.py -i1 ~/led-matrix-ppm-generator/ppm_files/Kei-1.ppm -i2 ~/led-matrix-ppm-generator/ppm_files/Kei-2.ppm --led-rows=16 --led-cols=32
sudo ~/Slab_LED_MatrixController/bindings/python/Slab_ContentsPlaySystem/image-auto-change-test.py -i1 ~/led-matrix-ppm-generator/ppm_files/Kei-1.ppm -i2 ~/led-matrix-ppm-generator/ppm_files/Kei-2.ppm --led-rows=16 --led-cols=32
git config --global user.name "Slab-LED-Matrix-Pi"
git config --global user.email ruru@gmail.com
sudo shutdown now
sudo ~/Slab_LED_MatrixController/bindings/python/Slab_ContentsPlaySystem/image-auto-change-test.py -i1 ~/led-matrix-ppm-generator/ppm_files/Kei-1.ppm -i2 ~/led-matrix-ppm-generator/ppm_files/Kei-2.ppm --led-rows=16 --led-cols=32
sudo raspi-config 
sudo ~/Slab_LED_MatrixController/bindings/python/Slab_ContentsPlaySystem/image-auto-change-test.py -i1 ~/led-matrix-ppm-generator/ppm_files/Kei-1.ppm -i2 ~/led-matrix-ppm-generator/ppm_files/Kei-2.ppm --led-rows=16 --led-cols=32
sudo raspi-config 
sudo shutdown now
/bin/python3.9 /home/pi/Slab_LED_MatrixController/bindings/python/Slab_ContentsPlaySystem/Slab_ContentsPlayer.py
nmon
/bin/python3.9 /home/pi/Slab_LED_MatrixController/bindings/python/Slab_ContentsPlaySystem/def_test.py
pip3 install natsort
/bin/python3.9 /home/pi/Slab_LED_MatrixController/bindings/python/Slab_ContentsPlaySystem/Slab_ContentsPlayer.py
/bin/python3.9 /home/pi/Slab_LED_MatrixController/bindings/python/Slab_ContentsPlaySystem/test.py
/bin/python3.9 /home/pi/Slab_LED_MatrixController/bindings/python/Slab_ContentsPlaySystem/def_test.py
/bin/python3.9 /home/pi/Slab_LED_MatrixController/bindings/python/Slab_ContentsPlaySystem/Slab_ContentsPlayer.py
/bin/python3.9 /home/pi/Slab_LED_MatrixController/bindings/python/Slab_ContentsPlaySystem/test.py
/bin/python3.9 /home/pi/Slab_LED_MatrixController/bindings/python/Slab_ContentsPlaySystem/def_test.py
sudo ~/Slab_LED_MatrixController/bindings/python/Slab_ContentsPlaySystem/image-auto-change-test.py -i1 ~/led-matrix-ppm-generator/ppm_files/Kei-1.ppm -i2 ~/led-matrix-ppm-generator/ppm_files/Kei-2.ppm --led-rows=16 --led-cols=32
pws
pwd
chmod 755 Slab_LED_MatrixController/bindings/python/Slab_ContentsPlaySystem/Slab_ContentsPlayer.py 
sudo ~/Slab_LED_MatrixController/bindings/python/Slab_ContentsPlaySystem/Slab_ContentsPlayer.py -i1 ~/led-matrix-ppm-generator/ppm_files/0.ppm --led-rows=16 --led-cols=32
sudo pyhon3  ~/Slab_LED_MatrixController/bindings/python/Slab_ContentsPlaySystem/Slab_ContentsPlayer.py -i1 ~/led-matrix-ppm-generator/ppm_files/0.ppm --led-rows=16 --led-cols=32
sudo ~/Slab_LED_MatrixController/bindings/python/Slab_ContentsPlaySystem/Slab_ContentsPlayer.py -i1 ~/led-matrix-ppm-generator/ppm_files/0.ppm --led-rows=16 --led-cols=32
sudo ~/Slab_LED_MatrixController/bindings/python/Slab_ContentsPlaySystem/image-auto-change-test.py -i1 ~/led-matrix-ppm-generator/ppm_files/Kei-1.ppm -i2 ~/led-matrix-ppm-generator/ppm_files/Kei-2.ppm --led-rows=16 --led-cols=32
sudo ~/Slab_LED_MatrixController/bindings/python/Slab_ContentsPlaySystem/Slab_ContentsPlayer.py -i1 ~/led-matrix-ppm-generator/ppm_files/0.ppm --led-rows=16 --led-cols=32
sudo ~/Slab_LED_MatrixController/bindings/python/Slab_ContentsPlaySystem/Slab_ContentsPlayer.py -i1 ~/led-matrix-ppm-generator/ppm_files/h8_up_test.ppm -i2 ~/led-matrix-ppm-generator/ppm_files/h8_down_test.ppm --led-rows=16 --led-cols=32
mkdir ElectricBoardContentsFolder
sudo ~/Slab_LED_MatrixController/bindings/python/Slab_ContentsPlaySystem/Slab_ContentsPlayer.py  --led-rows=16 --led-cols=32
/bin/python3.9 /home/pi/led-matrix-ppm-generator/manual_create_ppm.py
cd led-matrix-ppm-generator/
/bin/python3.9 /home/pi/led-matrix-ppm-generator/manual_create_ppm.py
/bin/python3.9 /home/pi/Slab_LED_MatrixController/bindings/python/Slab_ContentsPlaySystem/Slab_ContentsPlayer.py
sudo ~/Slab_LED_MatrixController/bindings/python/Slab_ContentsPlaySystem/Slab_ContentsPlayer.py  --led-rows=16 --led-cols=32
/bin/python3.9 /home/pi/Slab_LED_MatrixController/bindings/python/Slab_ContentsPlaySystem/def_test.py
sudo ~/Slab_LED_MatrixController/bindings/python/Slab_ContentsPlaySystem/Slab_ContentsPlayer.py  --led-rows=16 --led-cols=32
python
sudo pip install natsort
sudo ~/Slab_LED_MatrixController/bindings/python/Slab_ContentsPlaySystem/Slab_ContentsPlayer.py  --led-rows=16 --led-cols=32
/bin/python3.9 /home/pi/Slab_LED_MatrixController/bindings/python/Slab_ContentsPlaySystem/def_test.py
/bin/python3.9 /home/pi/Slab_LED_MatrixController/bindings/python/Slab_ContentsPlaySystem/Slab_ContentsPlayer.py
/bin/python3.9 /home/pi/Slab_LED_MatrixController/bindings/python/Slab_ContentsPlaySystem/def_test.py
nomn
nmon
sudo shutdown now
/bin/python /home/pi/Slab_LED_MatrixController/bindings/python/Slab_ContentsPlaySystem/Slab_ContentsPlayer.py
sudo ~/Slab_LED_MatrixController/bindings/python/Slab_ContentsPlaySystem/Slab_ContentsPlayer.py  --led-rows=16 --led-cols=32
sudo ~/Slab_LED_MatrixController/bindings/python/Slab_ContentsPlaySystem/image-scroller.py -i1 ~/led-matrix-ppm-generator/ppm_files/Kei-1.ppm -i2 ~/led-matrix-ppm-generator/ppm_files/Kei-2.ppm --led-rows=16 --led-cols=32
sudo ~/Slab_LED_MatrixController/bindings/python/Slab_ContentsPlaySystem/Slab_ContentsPlayer.py  --led-rows=32 --led-cols=64
sudo shutdown now
sudo ~/Slab_LED_MatrixController/bindings/python/Slab_ContentsPlaySystem/Slab_ContentsPlayer.py  --led-rows=16 --led-cols=32
sudo shutdown now
sudo ~/Slab_LED_MatrixController/bindings/python/Slab_ContentsPlaySystem/Slab_ContentsPlayer.py  --led-rows=48 --led-cols=64 --led-parallel 2
sudo ~/Slab_LED_MatrixController/bindings/python/Slab_ContentsPlaySystem/Slab_ContentsPlayer.py  --led-rows=16 --led-cols=32 --led-parallel 2
sudo ~/Slab_LED_MatrixController/bindings/python/Slab_ContentsPlaySystem/Slab_ContentsPlayer.py  --led-rows=32 --led-cols=32 --led-parallel 2
sudo ~/Slab_LED_MatrixController/bindings/python/Slab_ContentsPlaySystem/Slab_ContentsPlayer.py  --led-rows=16 --led-cols=64 --led-parallel 2
sudo ~/Slab_LED_MatrixController/bindings/python/Slab_ContentsPlaySystem/Slab_ContentsPlayer.py  --led-rows=48 --led-cols=64 --led-parallel 2
sudo ~/Slab_LED_MatrixController/bindings/python/Slab_ContentsPlaySystem/Slab_ContentsPlayer.py  --led-rows=16 --led-cols=32 --led-parallel 2
sudo ~/Slab_LED_MatrixController/bindings/python/Slab_ContentsPlaySystem/Slab_ContentsPlayer.py  --led-rows=16 --led-cols=32 --led-parallel 1
sudo ~/Slab_LED_MatrixController/bindings/python/Slab_ContentsPlaySystem/Slab_ContentsPlayer.py  --led-rows=32 --led-cols=64 --led-parallel 1
sudo ~/Slab_LED_MatrixController/bindings/python/Slab_ContentsPlaySystem/Slab_ContentsPlayer.py  --led-rows=32 --led-cols=64 --led-parallel 2
sudo ~/Slab_LED_MatrixController/bindings/python/Slab_ContentsPlaySystem/Slab_ContentsPlayer.py  --led-rows=16 --led-cols=64 --led-parallel 2
sudo ~/Slab_LED_MatrixController/bindings/python/Slab_ContentsPlaySystem/Slab_ContentsPlayer.py  --led-rows=32 --led-cols=64 --led-parallel 2
sudo ~/Slab_LED_MatrixController/bindings/python/samples/simple-square.py  --led-rows=32 --led-cols=64 --led-parallel 2
sudo ~/Slab_LED_MatrixController/bindings/python/samples/rotating-block-generator.py  --led-rows=32 --led-cols=64 --led-parallel 2
sudo ~/Slab_LED_MatrixController/bindings/python/samples/rotating-block-generator.py  --led-rows=16 --led-cols=64 --led-parallel 2
sudo ~/Slab_LED_MatrixController/bindings/python/samples/rotating-block-generator.py  --led-rows=16 --led-cols=23 --led-parallel 2
sudo ~/Slab_LED_MatrixController/bindings/python/samples/rotating-block-generator.py  --led-rows=16 --led-cols=32 --led-parallel 2
sudo ~/Slab_LED_MatrixController/bindings/python/samples/rotating-block-generator.py  --led-rows=16 --led-cols=32 --led-parallel 1
sudo ~/Slab_LED_MatrixController/bindings/python/samples/rotating-block-generator.py  --led-rows=16 --led-cols=32 --led-parallel 2
sudo ~/Slab_LED_MatrixController/bindings/python/samples/rotating-block-generator.py  --led-rows=64 --led-cols=32 --led-parallel 2
sudo ~/Slab_LED_MatrixController/bindings/python/samples/rotating-block-generator.py  --led-rows=46 --led-cols=32 --led-parallel 2
sudo ~/Slab_LED_MatrixController/bindings/python/samples/rotating-block-generator.py  --led-rows=46 --led-cols=64 --led-parallel 2
sudo ~/Slab_LED_MatrixController/bindings/python/samples/rotating-block-generator.py  --led-rows=48 --led-cols=64 --led-parallel 2
history 
history | grep .gif
rpi-rgb-led-matrix/utils/
sudo rpi-rgb-led-matrix/utils/led-image-viewer ~/60fpsparrot.gif --led-rows=32 --led-cols=64
sudo rpi-rgb-led-matrix/utils/led-image-viewer ~/60fpsparrot.gif --led-rows=32 --led-cols=32
sudo rpi-rgb-led-matrix/utils/led-image-viewer ~/message-119416521-7110180789076656037.gif --led-rows=32 --led-cols=32
sudo rpi-rgb-led-matrix/utils/led-image-viewer ~/message-119416521-7110180789076656037.gif --led-rows=32 --led-cols=64
sudo shutdown now
sudo rpi-rgb-led-matrix/utils/led-image-viewer ~/message-119416521-7110180789076656037.gif --led-rows=32 --led-cols=64
sudo rpi-rgb-led-matrix/utils/led-image-viewer ~/60fpsparrot.gif --led-rows=32 --led-cols=32
sudo rpi-rgb-led-matrix/utils/led-image-viewer ~/message-119416521-7110180789076656037.gif --led-rows=32 --led-cols=64
sudo ~/Slab_LED_MatrixController/bindings/python/Slab_ContentsPlaySystem/Slab_ContentsPlayer.py  --led-rows=32 --led-cols=64
sudo ~/Slab_LED_MatrixController/bindings/python/Slab_ContentsPlaySystem/Slab_ContentsPlayer.py  --led-rows=32 --led-cols=64 --led-slowdown-gpio=3
sudo ~/Slab_LED_MatrixController/bindings/python/Slab_ContentsPlaySystem/Slab_ContentsPlayer.py  --led-rows=32 --led-cols=64 --led-slowdown-gpio=2
sudo ~/Slab_LED_MatrixController/bindings/python/Slab_ContentsPlaySystem/Slab_ContentsPlayer.py  --led-rows=32 --led-cols=64 --led-slowdown-gpio=1
sudo ~/Slab_LED_MatrixController/bindings/python/Slab_ContentsPlaySystem/Slab_ContentsPlayer.py  --led-rows=32 --led-cols=64 --led-slowdown-gpio=4
sudo shutdown now
sudo ~/Slab_LED_MatrixController/bindings/python/Slab_ContentsPlaySystem/Slab_ContentsPlayer.py  --led-rows=32 --led-cols=64 --led-slowdown-gpio=4
sudo rpi-rgb-led-matrix/utils/led-image-viewer ~/message-119416521-7110180789076656037.gif --led-rows=32 --led-cols=64
sudo rpi-rgb-led-matrix/utils/led-image-viewer ~/302c7f7798006a185b9342f79dce566e.gif --led-rows=32 --led-cols=64
sudo rpi-rgb-led-matrix/utils/led-image-viewer ~/ikekae.gif --led-rows=32 --led-cols=64
sudo rpi-rgb-led-matrix/utils/led-image-viewer ~/file.gif --led-rows=32 --led-cols=64
sudo rpi-rgb-led-matrix/utils/led-image-viewer ~/seikin.gif --led-rows=32 --led-cols=64
sudo rpi-rgb-led-matrix/utils/led-image-viewer ~/20180430022519.gif --led-rows=32 --led-cols=64
sudo rpi-rgb-led-matrix/utils/led-image-viewer ~/tumblr_p8havta1IM1scr8d9o5_500.gif --led-rows=32 --led-cols=64
sudo rpi-rgb-led-matrix/utils/led-image-viewer ~/20180430022519.gif --led-rows=32 --led-cols=64
sudo rpi-rgb-led-matrix/utils/led-image-viewer ~/message-119416521-7110180789076656037.gif --led-rows=32 --led-cols=64
sudo rpi-rgb-led-matrix/utils/led-image-viewer ~/302c7f7798006a185b9342f79dce566e.gif --led-rows=32 --led-cols=64
sudo ~/Slab_LED_MatrixController/bindings/python/Slab_ContentsPlaySystem/Slab_ContentsPlayer.py  --led-rows=32 --led-cols=64 --led-slowdown-gpio=4
sudo rpi-rgb-led-matrix/utils/led-image-viewer ~/302c7f7798006a185b9342f79dce566e.gif --led-rows=32 --led-cols=64
sudo ~/Slab_LED_MatrixController/bindings/python/Slab_ContentsPlaySystem/Slab_ContentsPlayer.py  --led-rows=32 --led-cols=64 --led-slowdown-gpio=4
sudo rpi-rgb-led-matrix/utils/led-image-viewer ~/302c7f7798006a185b9342f79dce566e.gif --led-rows=32 --led-cols=64
sudo rpi-rgb-led-matrix/utils/led-image-viewer ~/message-119416521-7110180789076656037.gif --led-rows=32 --led-cols=64
sudo rpi-rgb-led-matrix/utils/led-image-viewer ~/20180430022519.gif --led-rows=32 --led-cols=64
sudo shutdown nwo
sudo shutdown now
sudo rpi-rgb-led-matrix/utils/led-image-viewer ~/20180430022519.gif --led-rows=32 --led-cols=64
sudo rpi-rgb-led-matrix/utils/led-image-viewer ~/302c7f7798006a185b9342f79dce566e.gif --led-rows=32 --led-cols=64
sudo ~/Slab_LED_MatrixController/bindings/python/Slab_ContentsPlaySystem/Slab_ContentsPlayer.py  --led-rows=32 --led-cols=64 --led-slowdown-gpio=4
sudo cat /etc/wpa_supplicant/wpa_supplicant.conf 
sudo nano /etc/wpa_supplicant/wpa_supplicant.conf 
sudo reboot now
ifconfig 
sudo nano /etc/wpa_supplicant/wpa_supplicant.conf 
sudo raspi-config 
cd led-matrix-ppm-generator/
ld
ls
python3 snct_scraping.py 
sudo nano /etc/wpa_supplicant/wpa_supplicant.conf 
sudo nano /etc/dhcpcd.conf 
sudo reboot now
cd led-matrix-ppm-generator/
python3 snct_scraping.py 
python3 yahoo_scraping.py 
sudo ~/Slab_LED_MatrixController/bindings/python/Slab_ContentsPlaySystem/Slab_ContentsPlayer.py  --led-rows=32 --led-cols=64 --led-slowdown-gpio=4
sudo shutdown now
/bin/python /home/pi/Slab_LED_MatrixController/bindings/python/Slab_ContentsPlaySystem/Slab_ContentsPlayer.py
sudo ~/Slab_LED_MatrixController/bindings/python/Slab_ContentsPlaySystem/Slab_ContentsPlayer.py  --led-rows=32 --led-cols=64 --led-slowdown-gpio=4
sudo rpi-rgb-led-matrix/utils/led-image-viewer ~/302c7f7798006a185b9342f79dce566e.gif --led-rows=32 --led-cols=64
sudo ~/Slab_LED_MatrixController/bindings/python/Slab_ContentsPlaySystem/Slab_ContentsPlayer.py  --led-rows=32 --led-cols=64 --led-slowdown-gpio=4
sudo apt install screen
sudo ~/Slab_LED_MatrixController/bindings/python/Slab_ContentsPlaySystem/Slab_ContentsPlayer.py  --led-rows=32 --led-cols=64 --led-slowdown-gpio=4
git clone https://github.com/RuuKuu/led-matrix-ppm-generator.git
sudo shutdown now
pip3 install schedule
cd led-matrix-ppm-generator/
python3 snct_scraping.py 
python3 yahoo_scraping.py 
sudo ~/Slab_LED_MatrixController/bindings/python/Slab_ContentsPlaySystem/Slab_ContentsPlayer.py  --led-rows=32 --led-cols=64 --led-slowdown-gpio=4
sudo python3  ~/Slab_LED_MatrixController/bindings/python/Slab_ContentsPlaySystem/Slab_ContentsPlayer.py  --led-rows=32 --led-cols=64 --led-slowdown-gpio=4
sudo python3.9  ~/Slab_LED_MatrixController/bindings/python/Slab_ContentsPlaySystem/Slab_ContentsPlayer.py  --led-rows=32 --led-cols=64 --led-slowdown-gpio=4
sudo python3  ~/Slab_LED_MatrixController/bindings/python/Slab_ContentsPlaySystem/Slab_ContentsPlayer.py  --led-rows=32 --led-cols=64 --led-slowdown-gpio=4
pip install schedule
sudo ~/Slab_LED_MatrixController/bindings/python/Slab_ContentsPlaySystem/Slab_ContentsPlayer.py  --led-rows=32 --led-cols=64 --led-slowdown-gpio=4
/usr/bin/python3.9 /home/pi/Slab_LED_MatrixController/bindings/python/Slab_ContentsPlaySystem/Slab_ContentsPlayer.py
sudo ~/Slab_LED_MatrixController/bindings/python/Slab_ContentsPlaySystem/Slab_ContentsPlayer.py  --led-rows=32 --led-cols=64 --led-slowdown-gpio=4
sudo python3 ~/Slab_LED_MatrixController/bindings/python/Slab_ContentsPlaySystem/Slab_ContentsPlayer.py  --led-rows=32 --led-cols=64 --led-slowdown-gpio=4
sudo python3.9 ~/Slab_LED_MatrixController/bindings/python/Slab_ContentsPlaySystem/Slab_ContentsPlayer.py  --led-rows=32 --led-cols=64 --led-slowdown-gpio=4
python3
sudo python3 ~/Slab_LED_MatrixController/bindings/python/Slab_ContentsPlaySystem/Slab_ContentsPlayer.py  --led-rows=32 --led-cols=64 --led-slowdown-gpio=4
sudo pip3 install schedule
sudo pip install schedule
sudo python3 ~/Slab_LED_MatrixController/bindings/python/Slab_ContentsPlaySystem/Slab_ContentsPlayer.py  --led-rows=32 --led-cols=64 --led-slowdown-gpio=4
ls /usr/share/fonts/truetype/dejavu/
sudo python3 ~/Slab_LED_MatrixController/bindings/python/Slab_ContentsPlaySystem/Slab_ContentsPlayer.py  --led-rows=32 --led-cols=64 --led-slowdown-gpio=4
cd Slab_LED_MatrixController/fonts/
ls
ls -ls
sudo chmod 744 .
ls -ls
cd ..
sudo chmod 744 fonts/
cd fonts/
ls -lm
ls -ls
chmod 744 7x13.bdf 
sudo python3 ~/Slab_LED_MatrixController/bindings/python/Slab_ContentsPlaySystem/Slab_ContentsPlayer.py  --led-rows=32 --led-cols=64 --led-slowdown-gpio=4
suod ~/Slab_LED_MatrixController/bindings/python/Slab_ContentsPlaySystem/runtext.py 
sudo ~/Slab_LED_MatrixController/bindings/python/Slab_ContentsPlaySystem/runtext.py 
sudo python3 ~/Slab_LED_MatrixController/bindings/python/Slab_ContentsPlaySystem/Slab_ContentsPlayer.py  --led-rows=32 --led-cols=64 --led-slowdown-gpio=4
cd
ls -l,
ls -lm
ls -ls
cd Slab_LED_MatrixController/
ls -ls
cd bindings/
ls -ls
cd python/
ls -ls
cd Slab_ContentsPlaySystem/
ls -ls
./runtext.py 
sudo ./runtext.py 
cd ..
cd samples/
sudo ./runtext.py 
sudo python3 ~/Slab_LED_MatrixController/bindings/python/Slab_ContentsPlaySystem/Slab_ContentsPlayer.py  --led-rows=32 --led-cols=64 --led-slowdown-gpio=4
cd
cd led-matrix-ppm-generator/
python3 manual_create_ppm.py 
sudo python3 ~/Slab_LED_MatrixController/bindings/python/Slab_ContentsPlaySystem/Slab_ContentsPlayer.py  --led-rows=32 --led-cols=64 --led-slowdown-gpio=4
python3 manual_create_ppm.py 
sudo python3 ~/Slab_LED_MatrixController/bindings/python/Slab_ContentsPlaySystem/Slab_ContentsPlayer.py  --led-rows=32 --led-cols=64 --led-slowdown-gpio=4
python3 manual_create_ppm.py 
sudo python3 ~/Slab_LED_MatrixController/bindings/python/Slab_ContentsPlaySystem/Slab_ContentsPlayer.py  --led-rows=32 --led-cols=64 --led-slowdown-gpio=4
screen
screen -ls
screen -r 9190
cd led-matrix-ppm-generator/
python3 yahoo_scraping.py 
python3 snct_scraping.py 
python3 yahoo_scraping.py 
python3 manual_create_ppm.py 
python3 snct_scraping.py 
python3 yahoo_scraping.py 
sudo python3 ~/Slab_LED_MatrixController/bindings/python/Slab_ContentsPlaySystem/Slab_ContentsPlayer.py  --led-rows=32 --led-cols=64 --led-slowdown-gpio=4
sudo shutdown now
cd led-matrix-ppm-generator/
python3 yahoo_scraping.py 
python3 snct_scraping.py 
sudo rpi-rgb-led-matrix/utils/led-image-viewer ~/christmas-icegif-45.gif --led-rows=32 --led-cols=64
sudo Slab_LED_MatrixController/utils/led-image-viewer ~/christmas-icegif-45.gif --led-rows=32 --led-cols=64
ls
cd Slab_LED_MatrixController/
cd utils/
ls
make 
ls
sudo Slab_LED_MatrixController/utils/le ~/christmas-icegif-45.gif --led-rows=32 --led-cols=64
sudo 
sudo ~/Slab_LED_MatrixController/utils/led-image-viewer ~/christmas-icegif-45.gif --led-rows=32 --led-cols=64
sudo ~/Slab_LED_MatrixController/utils/led-image-viewer ~/file.gif --led-rows=32 --led-cols=64
sudo ~/Slab_LED_MatrixController/utils/led-image-viewer ~/60fpsparrot.gif --led-rows=32 --led-cols=64
sudo ~/Slab_LED_MatrixController/utils/led-image-viewer ~/60fpsparrot.gif --led-rows=32 --led-cols32
sudo ~/Slab_LED_MatrixController/utils/led-image-viewer ~/60fpsparrot.gif --led-rows=32 --led-cols=32
screen -ls
sudo shutdown now
sudo ~/Slab_LED_MatrixController/utils/led-image-viewer ~/christmasparrot.gif --led-rows=32 --led-cols=32
sudo shutdown now
sudo ~/Slab_LED_MatrixController/utils/led-image-viewer ~/christmasparrot.gif --led-rows=32 --led-cols=32
sudo ~/Slab_LED_MatrixController/utils/led-image-viewer ~/christmasparrot.gif --led-rows=32 --led-cols=64
sudo rpi-rgb-led-matrix/utils/led-image-viewer ~/20180430022519.gif --led-rows=32 --led-cols=64
sudo ~/Slab_LED_MatrixController/utils/led-image-viewer ~/file.gif --led-rows=32 --led-cols=64
sudo ~/Slab_LED_MatrixController/utils/led-image-viewer ~/ikekae.gif --led-rows=32 --led-cols=64
sudo ~/Slab_LED_MatrixController/utils/led-image-viewer ~/tumblr_p8havta1IM1scr8d9o5_500.gif --led-rows=32 --led-cols=64
sudo ~/Slab_LED_MatrixController/utils/led-image-viewer ~/christmasparrot.gif --led-rows=32 --led-cols=64
sudo ~/Slab_LED_MatrixController/utils/led-image-viewer ~/christmasparrot.gif --led-rows=32 --led-cols=32
sudo ~/Slab_LED_MatrixController/utils/led-image-viewer ~/christmasparrot.gif --led-rows=32 --led-cols=32 --led-slowdown-gpio=3
sudo ~/Slab_LED_MatrixController/utils/led-image-viewer ~/christmasparrot.gif --led-rows=32 --led-cols=32 --led-slowdown-gpio=4
sudo ~/Slab_LED_MatrixController/utils/led-image-viewer ~/christmasparrot.gif --led-rows=32 --led-cols=32 --led-slowdown-gpio=0
sudo ~/Slab_LED_MatrixController/utils/led-image-viewer ~/christmasparrot.gif --led-rows=32 --led-cols=32 --led-slowdown-gpio=3
screen
screen -ls
screen -r 1133
sudo ~/Slab_LED_MatrixController/utils/led-image-viewer ~/christmasparrot.gif --led-rows=32 --led-cols=32 --led-slowdown-gpio=3
sudo ~/Slab_LED_MatrixController/utils/led-image-viewer ~/Slab-annai.png --led-rows=32 --led-cols=64 --led-slowdown-gpio=3
rm Slab-annai.png 
sudo ~/Slab_LED_MatrixController/utils/led-image-viewer ~/Slab-annai.png --led-rows=32 --led-cols=64 --led-slowdown-gpio=3
sudo ~/Slab_LED_MatrixController/utils/led-image-viewer ~/Slab-party.gif --led-rows=32 --led-cols=64 --led-slowdown-gpio=3
sudo ~/Slab_LED_MatrixController/utils/led-image-viewer ~/Slab-party.gif --led-rows=32 --led-cols=64 --led-slowdown-gpio=4
sudo ~/Slab_LED_MatrixController/utils/led-image-viewer ~/Slab-party.gif --led-rows=32 --led-cols=64 --led-slowdown-gpio=3
sudo shutdown now
sudo ~/Slab_LED_MatrixController/utils/led-image-viewer ~/Slab-party.gif --led-rows=32 --led-cols=64 --led-slowdown-gpio=3
sudo python3 ~/Slab_LED_MatrixController/bindings/python/Slab_ContentsPlaySystem/Slab_ContentsPlayer.py  --led-rows=32 --led-cols=64 --led-slowdown-gpio=4
history 
cd led-matrix-ppm-generator/
python3 yahoo_scraping.py
python3 snct_scraping.py 
python3 manual_create_ppm.py
sudo shutdown now
sudo python3 ~/Slab_LED_MatrixController/bindings/python/Slab_ContentsPlaySystem/Slab_ContentsPlayer.py  --led-rows=32 --led-cols=64 --led-slowdown-gpio=4
/usr/bin/python3.9 "/home/pi/Slab_LED_MatrixController/bindings/python/Slab_ContentsPlaySystem/Slab_ContentsPlayer copy.py"
sudo /usr/bin/python3.9 "/home/pi/Slab_LED_MatrixController/bindings/python/Slab_ContentsPlaySystem/Slab_ContentsPlayer copy.py"
sudo /usr/bin/python3.9 "/home/pi/Slab_LED_MatrixController/bindings/python/Slab_ContentsPlaySystem/Slab_ContentsPlayer copy.py"  --led-rows=32 --led-cols=64 --led-slowdown-gpio=4
cd led-matrix-ppm-generator/
cd
sudo /usr/bin/python3.9 "/home/pi/Slab_LED_MatrixController/bindings/python/Slab_ContentsPlaySystem/Slab_ContentsPlayer copy.py"  --led-rows=32 --led-cols=64 --led-slowdown-gpio=4
cd led-matrix-ppm-generator/
python3 snct_scraping.py 
ls
cd
cd ElectricBoardContentsFolder/
ls
cd png_files/
ls
mkdir Line2
mkdir Line3
cd Line1/
ls
rmdir Line2/
cd Line2/Line3/
ls
rmdir Line2/
cd ..
rmdir Line3/
cd ..
rmdir Line2/
cd ..
ls
cd Line
cd Line1
ls
cd 
cd led-matrix-ppm-generator/
python3 snct_scraping.py 
python3 yahoo_scraping.py 
python3 snct_scraping.py 
python3 yahoo_scraping.py 
python3 snct_scraping.py 
sudo /usr/bin/python3.9 "/home/pi/Slab_LED_MatrixController/bindings/python/Slab_ContentsPlaySystem/Slab_ContentsPlayer copy.py"  --led-rows=32 --led-cols=64 --led-slowdown-gpio=4
cd led-matrix-ppm-generator/
python3 yahoo_scraping.py 
python3 snct_scraping.py 
sudo /usr/bin/python3.9 "/home/pi/Slab_LED_MatrixController/bindings/python/Slab_ContentsPlaySystem/Slab_ContentsPlayer copy.py"  --led-rows=32 --led-cols=64 --led-slowdown-gpio=4
/bin/python3 /home/pi/Slab_LED_MatrixController/bindings/python/Slab_ContentsPlaySystem/time_test.py
sudo /usr/bin/python3.9 "/home/pi/Slab_LED_MatrixController/bindings/python/Slab_ContentsPlaySystem/Slab_ContentsPlayer copy.py"  --led-rows=32 --led-cols=64 --led-slowdown-gpio=4
cd led-matrix-ppm-generator/
python3 manual_create_ppm.py 
sudo /usr/bin/python3.9 "/home/pi/Slab_LED_MatrixController/bindings/python/Slab_ContentsPlaySystem/Slab_ContentsPlayer copy.py"  --led-rows=32 --led-cols=64 --led-slowdown-gpio=4
python3 manual_create_ppm.py 
sudo /usr/bin/python3.9 "/home/pi/Slab_LED_MatrixController/bindings/python/Slab_ContentsPlaySystem/Slab_ContentsPlayer copy.py"  --led-rows=32 --led-cols=64 --led-slowdown-gpio=4
python3 manual_create_ppm.py 
sudo /usr/bin/python3.9 "/home/pi/Slab_LED_MatrixController/bindings/python/Slab_ContentsPlaySystem/Slab_ContentsPlayer copy.py"  --led-rows=32 --led-cols=64 --led-slowdown-gpio=4
sudo apt update
sudo apt upgrade
sudo reboot noe
sudo /usr/bin/python3.9 "/home/pi/Slab_LED_MatrixController/bindings/python/Slab_ContentsPlaySystem/Slab_ContentsPlayer.py"  --led-rows=32 --led-cols=64 --led-slowdown-gpio=4
sudo /usr/bin/python3.9 "/home/pi/Slab_LED_MatrixController/bindings/python/Slab_ContentsPlaySystem/Slab_ContentsPlayer.py"  --led-rows=32 --led-cols=64 --led-slowdown-gpio=3
sudo /usr/bin/python3.9 "/home/pi/Slab_LED_MatrixController/bindings/python/Slab_ContentsPlaySystem/Slab_ContentsPlayer.py"  --led-rows=32 --led-cols=64 --led-slowdown-gpio=4
sudo pip2 pyserial
sudo pip3 pyserial
sudo pip3  install pyserial
lsusb
ls -l /dev/serial/by-id/
/bin/python3 /home/pi/Slab_LED_MatrixController/bindings/python/Slab_ContentsPlaySystem/ReadSensor.py
sudo /usr/bin/python3.9 "/home/pi/Slab_LED_MatrixController/bindings/python/Slab_ContentsPlaySystem/Slab_ContentsPlayer.py"  --led-rows=32 --led-cols=64 --led-slowdown-gpio=4
ls -l /dev/ttyUSB0 
sudo chmod 777 /dev/ttyUSB0 
sudo /usr/bin/python3.9 "/home/pi/Slab_LED_MatrixController/bindings/python/Slab_ContentsPlaySystem/Slab_ContentsPlayer.py"  --led-rows=32 --led-cols=64 --led-slowdown-gpio=4
sudo nano /lib/udev/rules.d/50-udev-default.rules 
sudo /usr/bin/python3.9 "/home/pi/Slab_LED_MatrixController/bindings/python/Slab_ContentsPlaySystem/Slab_ContentsPlayer.py"  --led-rows=32 --led-cols=64 --led-slowdown-gpio=4
ls -l /dev/ttyUSB0 
sudo /usr/bin/python3.9 "/home/pi/Slab_LED_MatrixController/bindings/python/Slab_ContentsPlaySystem/Slab_ContentsPlayer.py"  --led-rows=32 --led-cols=64 --led-slowdown-gpio=4
/bin/python3 /home/pi/Slab_LED_MatrixController/bindings/python/Slab_ContentsPlaySystem/ReadSensor.py
/bin/python3 /home/pi/led-matrix-ppm-generator/snct_scraping.py
sudo /usr/bin/python3.9 "/home/pi/Slab_LED_MatrixController/bindings/python/Slab_ContentsPlaySystem/Slab_ContentsPlayer.py"  --led-rows=32 --led-cols=64 --led-slowdown-gpio=4
/bin/python3 /home/pi/led-matrix-ppm-generator/snct_scraping.py
sudo /usr/bin/python3.9 "/home/pi/Slab_LED_MatrixController/bindings/python/Slab_ContentsPlaySystem/Slab_ContentsPlayer.py"  --led-rows=32 --led-cols=64 --led-slowdown-gpio=4
/bin/python3 /home/pi/led-matrix-ppm-generator/snct_scraping.py
sudo /usr/bin/python3.9 "/home/pi/Slab_LED_MatrixController/bindings/python/Slab_ContentsPlaySystem/Slab_ContentsPlayer.py"  --led-rows=32 --led-cols=64 --led-slowdown-gpio=4
/bin/python3 /home/pi/led-matrix-ppm-generator/snct_scraping.py
sudo /usr/bin/python3.9 "/home/pi/Slab_LED_MatrixController/bindings/python/Slab_ContentsPlaySystem/Slab_ContentsPlayer.py"  --led-rows=32 --led-cols=64 --led-slowdown-gpio=4
/bin/python3 /home/pi/led-matrix-ppm-generator/snct_scraping.py
sudo /usr/bin/python3.9 "/home/pi/Slab_LED_MatrixController/bindings/python/Slab_ContentsPlaySystem/Slab_ContentsPlayer.py"  --led-rows=32 --led-cols=64 --led-slowdown-gpio=4
/bin/python3 /home/pi/led-matrix-ppm-generator/yahoo_scraping.py 
/bin/python3 /home/pi/led-matrix-ppm-generator/snct_scraping.py
/bin/python3 /home/pi/led-matrix-ppm-generator/yahoo_scraping.py 
sudo /usr/bin/python3.9 "/home/pi/Slab_LED_MatrixController/bindings/python/Slab_ContentsPlaySystem/Slab_ContentsPlayer.py"  --led-rows=32 --led-cols=64 --led-slowdown-gpio=4
/bin/python3 /home/pi/led-matrix-ppm-generator/yahoo_scraping.py 
sudo /usr/bin/python3.9 "/home/pi/Slab_LED_MatrixController/bindings/python/Slab_ContentsPlaySystem/Slab_ContentsPlayer.py"  --led-rows=32 --led-cols=64 --led-slowdown-gpio=4
/bin/python3 /home/pi/led-matrix-ppm-generator/yahoo_scraping.py 
sudo /usr/bin/python3.9 "/home/pi/Slab_LED_MatrixController/bindings/python/Slab_ContentsPlaySystem/Slab_ContentsPlayer.py"  --led-rows=32 --led-cols=64 --led-slowdown-gpio=4
cron -e
crontab -e
sudo /usr/bin/python3.9 "/home/pi/Slab_LED_MatrixController/bindings/python/Slab_ContentsPlaySystem/Slab_ContentsPlayer.py"  --led-rows=32 --led-cols=64 --led-slowdown-gpio=4
crontab -e
sudo /usr/bin/python3.9 "/home/pi/Slab_LED_MatrixController/bindings/python/Slab_ContentsPlaySystem/Slab_ContentsPlayer.py"  --led-rows=32 --led-cols=64 --led-slowdown-gpio=4
crontab -e
sudo crontab -e
crontab -e
sudo /usr/bin/python3.9 "/home/pi/Slab_LED_MatrixController/bindings/python/Slab_ContentsPlaySystem/Slab_ContentsPlayer.py"  --led-rows=32 --led-cols=64 --led-slowdown-gpio=4
sudo systemctl status crond.service
sudo systemctl enable crond.service
sudo systemctl status cron
sudo journalctl -r -u cron
sudo cat /var/log/cron
sudo cat /var/log/syslog
sudo crontab -e
sudo /usr/bin/python3.9 "/home/pi/Slab_LED_MatrixController/bindings/python/Slab_ContentsPlaySystem/Slab_ContentsPlayer.py"  --led-rows=32 --led-cols=64 --led-slowdown-gpio=4
sudo cat /var/log/syslog
sudo crontab -e
sudo shutdown now
cd led-matrix-ppm-generator/
python3 manual_create_ppm.py 
sudo crontab -e
/bin/python3 /home/pi/led-matrix-ppm-generator/yahoo_scraping.py 
/bin/python3 /home/pi/led-matrix-ppm-generator/snct_scraping.py
sudo /usr/bin/python3.9 "/home/pi/Slab_LED_MatrixController/bindings/python/Slab_ContentsPlaySystem/Slab_ContentsPlayer.py"  --led-rows=32 --led-cols=64 --led-slowdown-gpio=4
lsusb
sudo /usr/bin/python3.9 "/home/pi/Slab_LED_MatrixController/bindings/python/Slab_ContentsPlaySystem/Slab_ContentsPlayer.py"  --led-rows=32 --led-cols=64 --led-slowdown-gpio=4
nano ~/Slab_LED_MatrixController/bindings/python/Slab_ContentsPlaySystem/Slab_ContentsPlayer.py 
sudo /usr/bin/python3.9 "/home/pi/Slab_LED_MatrixController/bindings/python/Slab_ContentsPlaySystem/Slab_ContentsPlayer.py"  --led-rows=32 --led-cols=64 --led-slowdown-gpio=4 
screen
cd led-matrix-ppm-generator/
ls -;
ls -l
chmod 744 ppm_gen_cron.sh 
ls -l
./ppm_gen_cron.sh 
pwd
sudo crontab -e
sudo cat /var/log/syslog
sudo crontab -e
python3   led-matrix-ppm-generator/ manual_create_ppm.py 
python3 led-matrix-ppm-generator/manual_create_ppm.py 
python3 manual_create_ppm.py 
最近の研究室ニュース：坂元晴彦(情報通信コース5年)が研究室のイスを破壊しました！　　　　　
/bin/python3 ~/led-matrix-ppm-generator/manual_create_ppm
/bin/python3 ~/led-matrix-ppm-generator/manual_create_ppm.py 
python3   led-matrix-ppm-generator/manual_create_ppm.py 
sudo crontab -e
sudo cat /var/log/syslog
screen -ls
screen -r 1371
sudo /usr/bin/python3.9 "/home/pi/Slab_LED_MatrixController/bindings/python/Slab_ContentsPlaySystem/Slab_ContentsPlayer.py"  --led-rows=32 --led-cols=64 --led-slowdown-gpio=4 
sudo crontab -e
top
sudo pip3 install feedparser
sudo crontab -e
top
sudo crontab -e
sudo /usr/bin/python3.9 "/home/pi/Slab_LED_MatrixController/bindings/python/Slab_ContentsPlaySystem/Slab_ContentsPlayer.py"  --led-rows=32 --led-cols=64 --led-slowdown-gpio=4 
sudo /usr/bin/python3.9 "/home/pi/Slab_LED_MatrixController/bindings/python/Slab_ContentsPlaySystem/Slab_ContentsPlayer.py"  --led-rows=32 --led-cols=64 --led-slowdown-gpio=3
chmod 744 ~/Slab_LED_MatrixController/bindings/python/Slab_ContentsPlaySystem/autostart.sh 
cp ~/Slab_LED_MatrixController/bindings/python/Slab_ContentsPlaySystem/autostart.sh /etc/systemd/system
sudo cp ~/Slab_LED_MatrixController/bindings/python/Slab_ContentsPlaySystem/autostart.sh /etc/systemd/system
sudo chown root:root /etc/systemd/system/autostart.sh 
sudo mv /etc/systemd/system/autostart.sh /etc/systemd/system/ElectricBulletinBoard_autorun.sh
sudo chmod 644 /etc/systemd/system/ElectricBulletinBoard_autorun.sh 
sudo systemctl daemon-reload
sudo rm /etc/systemd/system/ElectricBulletinBoard_autorun.sh
sudo cp ~/Slab_LED_MatrixController/bindings/python/Slab_ContentsPlaySystem/Slab-ElectricBulletinBoard.service /etc/systemd/system
sudo chown root:root /etc/systemd/system/Slab-ElectricBulletinBoard.service 
sudo chmod 644 /etc/systemd/system/Slab-ElectricBulletinBoard.service 
sudo systemctl daemon-reload
sudo systemctl status RasPiAuto.service
sudo systemctl status Slab-ElectricBulletinBoard.service 
sudo nano /etc/systemd/system/Slab-ElectricBulletinBoard.service 
pwd
sudo nano /etc/systemd/system/Slab-ElectricBulletinBoard.service 
sudo systemctl status Slab-ElectricBulletinBoard.service 
sudo systemctl daemon-reload
sudo systemctl status Slab-ElectricBulletinBoard.service 
sudo systemctl enable Slab-ElectricBulletinBoard.service 
sudo systemctl status Slab-ElectricBulletinBoard.service 
sudo systemctl start Slab-ElectricBulletinBoard.service 
sudo systemctl status Slab-ElectricBulletinBoard.service 
sudo systemctl disable Slab-ElectricBulletinBoard.service 
sudo nano /etc/systemd/system/Slab-ElectricBulletinBoard.service 
~/Slab_LED_MatrixController/bindings/python/Slab_ContentsPlaySystem/autostart.sh 
sudo chown root:root ~/Slab_LED_MatrixController/bindings/python/Slab_ContentsPlaySystem/autostart.sh 
sudo chmod 755 ~/Slab_LED_MatrixController/bindings/python/Slab_ContentsPlaySystem/autostart.sh 
sudo systemctl status Slab-ElectricBulletinBoard.service 
sudo systemctl start Slab-ElectricBulletinBoard.service 
sudo systemctl enable Slab-ElectricBulletinBoard.service 
sudo systemctl status Slab-ElectricBulletinBoard.service 
cd Slab_LED_MatrixController/bindings/python/Slab_ContentsPlaySystem/
sudo nano autostart.sh 
sudo systemctl start Slab-ElectricBulletinBoard.service 
sudo systemctl enable Slab-ElectricBulletinBoard.service 
sudo systemctl start Slab-ElectricBulletinBoard.service 
sudo systemctl status Slab-ElectricBulletinBoard.service 
sudo cat /var/log/syslog
sudo nano autostart.sh 
sudo systemctl start Slab-ElectricBulletinBoard.service 
sudo systemctl status Slab-ElectricBulletinBoard.service 
sudo nano autostart.sh 
sudo systemctl start Slab-ElectricBulletinBoard.service 
sudo systemctl status Slab-ElectricBulletinBoard.service 
sudo nano /etc/systemd/system/Slab-ElectricBulletinBoard.service 
sudo systemctldaemon-reload
sudo systemctl daemon-reload
sudo systemctl start Slab-ElectricBulletinBoard.service 
sudo systemctl status Slab-ElectricBulletinBoard.service 
sudo nano /etc/systemd/system/Slab-ElectricBulletinBoard.service 
sudo systemctl daemon-reload
sudo systemctl start Slab-ElectricBulletinBoard.service 
history -w 20220120log.log
